<?xml version="1.0" encoding="UTF-8"?>
<robot generator="Robot 6.1.1 (Python 3.11.6 on linux)" generated="20231113 15:31:49.952" rpa="false" schemaversion="4">
<suite id="s1" name="TestSuite" source="/home/user/code/dtep/test/TestSuite.robot">
<test id="s1-t1" name="Create default c++" line="16">
<kw name="Set Required" library="dtepTestLib">
<arg>new</arg>
<arg>test_project</arg>
<arg>c++</arg>
<status status="PASS" starttime="20231113 15:31:49.962" endtime="20231113 15:31:49.962"/>
</kw>
<kw name="Run Dtep" library="dtepTestLib">
<status status="PASS" starttime="20231113 15:31:49.962" endtime="20231113 15:31:49.977"/>
</kw>
<kw name="Check File Exists" library="dtepTestLib">
<arg>test_project/src/main.cc</arg>
<status status="PASS" starttime="20231113 15:31:49.977" endtime="20231113 15:31:49.977"/>
</kw>
<kw name="Clean Directory" library="dtepTestLib" type="TEARDOWN">
<arg>test_project</arg>
<status status="PASS" starttime="20231113 15:31:49.977" endtime="20231113 15:31:49.977"/>
</kw>
<status status="PASS" starttime="20231113 15:31:49.962" endtime="20231113 15:31:49.977"/>
</test>
<test id="s1-t2" name="Create default c" line="22">
<kw name="Set Required" library="dtepTestLib">
<arg>new</arg>
<arg>test_project</arg>
<arg>c</arg>
<status status="PASS" starttime="20231113 15:31:49.977" endtime="20231113 15:31:49.977"/>
</kw>
<kw name="Run Dtep" library="dtepTestLib">
<status status="PASS" starttime="20231113 15:31:49.978" endtime="20231113 15:31:49.996"/>
</kw>
<kw name="Check File Exists" library="dtepTestLib">
<arg>test_project/src/main.c</arg>
<status status="PASS" starttime="20231113 15:31:49.996" endtime="20231113 15:31:49.996"/>
</kw>
<kw name="Clean Directory" library="dtepTestLib" type="TEARDOWN">
<arg>test_project</arg>
<status status="PASS" starttime="20231113 15:31:49.996" endtime="20231113 15:31:49.996"/>
</kw>
<status status="PASS" starttime="20231113 15:31:49.977" endtime="20231113 15:31:49.996"/>
</test>
<test id="s1-t3" name="Create a project with cpp instead of c++" line="28">
<kw name="Set Required" library="dtepTestLib">
<arg>new</arg>
<arg>test_project</arg>
<arg>cpp</arg>
<status status="PASS" starttime="20231113 15:31:49.996" endtime="20231113 15:31:49.996"/>
</kw>
<kw name="Run Dtep" library="dtepTestLib">
<status status="PASS" starttime="20231113 15:31:49.996" endtime="20231113 15:31:50.011"/>
</kw>
<kw name="Check File Exists" library="dtepTestLib">
<arg>test_project/src/main.cc</arg>
<status status="PASS" starttime="20231113 15:31:50.011" endtime="20231113 15:31:50.011"/>
</kw>
<kw name="Clean Directory" library="dtepTestLib" type="TEARDOWN">
<arg>test_project</arg>
<status status="PASS" starttime="20231113 15:31:50.011" endtime="20231113 15:31:50.011"/>
</kw>
<status status="PASS" starttime="20231113 15:31:49.996" endtime="20231113 15:31:50.011"/>
</test>
<test id="s1-t4" name="Create c++ with .cpp extension" line="34">
<kw name="Set Required" library="dtepTestLib">
<arg>new</arg>
<arg>test_project</arg>
<arg>c++</arg>
<status status="PASS" starttime="20231113 15:31:50.011" endtime="20231113 15:31:50.011"/>
</kw>
<kw name="Add Argument With Option" library="dtepTestLib">
<arg>-e</arg>
<arg>.cpp</arg>
<status status="PASS" starttime="20231113 15:31:50.011" endtime="20231113 15:31:50.012"/>
</kw>
<kw name="Run Dtep" library="dtepTestLib">
<status status="PASS" starttime="20231113 15:31:50.012" endtime="20231113 15:31:50.026"/>
</kw>
<kw name="Check File Exists" library="dtepTestLib">
<arg>test_project/src/main.cpp</arg>
<status status="PASS" starttime="20231113 15:31:50.026" endtime="20231113 15:31:50.027"/>
</kw>
<kw name="Clean Directory" library="dtepTestLib" type="TEARDOWN">
<arg>test_project</arg>
<status status="PASS" starttime="20231113 15:31:50.027" endtime="20231113 15:31:50.027"/>
</kw>
<status status="PASS" starttime="20231113 15:31:50.011" endtime="20231113 15:31:50.027"/>
</test>
<test id="s1-t5" name="Create c with std c89" line="41">
<kw name="Set Required" library="dtepTestLib">
<arg>new</arg>
<arg>test_project</arg>
<arg>c</arg>
<status status="PASS" starttime="20231113 15:31:50.028" endtime="20231113 15:31:50.028"/>
</kw>
<kw name="Add Argument With Option" library="dtepTestLib">
<arg>--std</arg>
<arg>c89</arg>
<status status="PASS" starttime="20231113 15:31:50.028" endtime="20231113 15:31:50.028"/>
</kw>
<kw name="Run Dtep" library="dtepTestLib">
<status status="PASS" starttime="20231113 15:31:50.028" endtime="20231113 15:31:50.043"/>
</kw>
<kw name="Check Std" library="dtepTestLib">
<arg>test_project/makefile</arg>
<arg>c89</arg>
<status status="PASS" starttime="20231113 15:31:50.043" endtime="20231113 15:31:50.044"/>
</kw>
<kw name="Clean Directory" library="dtepTestLib" type="TEARDOWN">
<arg>test_project</arg>
<status status="PASS" starttime="20231113 15:31:50.044" endtime="20231113 15:31:50.044"/>
</kw>
<status status="PASS" starttime="20231113 15:31:50.027" endtime="20231113 15:31:50.044"/>
</test>
<test id="s1-t6" name="Create a c project with git ignore and custom obj and out directory" line="48">
<kw name="Set Required" library="dtepTestLib">
<arg>new</arg>
<arg>test_project</arg>
<arg>c</arg>
<status status="PASS" starttime="20231113 15:31:50.044" endtime="20231113 15:31:50.044"/>
</kw>
<kw name="Add Argument" library="dtepTestLib">
<arg>-g</arg>
<status status="PASS" starttime="20231113 15:31:50.044" endtime="20231113 15:31:50.044"/>
</kw>
<kw name="Add Argument With Option" library="dtepTestLib">
<arg>--object-dir</arg>
<arg>objects</arg>
<status status="PASS" starttime="20231113 15:31:50.044" endtime="20231113 15:31:50.044"/>
</kw>
<kw name="Add Argument With Option" library="dtepTestLib">
<arg>--output-dir</arg>
<arg>output</arg>
<status status="PASS" starttime="20231113 15:31:50.044" endtime="20231113 15:31:50.044"/>
</kw>
<kw name="Run Dtep" library="dtepTestLib">
<status status="PASS" starttime="20231113 15:31:50.044" endtime="20231113 15:31:50.059"/>
</kw>
<kw name="Check File Exists" library="dtepTestLib">
<arg>test_project/.gitignore</arg>
<status status="PASS" starttime="20231113 15:31:50.059" endtime="20231113 15:31:50.059"/>
</kw>
<kw name="Check Gitignore Contents" library="dtepTestLib">
<arg>test_project/.gitignore</arg>
<arg>objects</arg>
<arg>output</arg>
<status status="PASS" starttime="20231113 15:31:50.059" endtime="20231113 15:31:50.059"/>
</kw>
<kw name="Check Variable From Makefile" library="dtepTestLib">
<arg>test_project/makefile</arg>
<arg>OBJ_DIR</arg>
<arg>objects</arg>
<status status="PASS" starttime="20231113 15:31:50.059" endtime="20231113 15:31:50.059"/>
</kw>
<kw name="Check Variable From Makefile" library="dtepTestLib">
<arg>test_project/makefile</arg>
<arg>OUT_DIR</arg>
<arg>output</arg>
<status status="PASS" starttime="20231113 15:31:50.059" endtime="20231113 15:31:50.059"/>
</kw>
<kw name="Clean Directory" library="dtepTestLib" type="TEARDOWN">
<arg>test_project</arg>
<status status="PASS" starttime="20231113 15:31:50.060" endtime="20231113 15:31:50.060"/>
</kw>
<status status="PASS" starttime="20231113 15:31:50.044" endtime="20231113 15:31:50.060"/>
</test>
<test id="s1-t7" name="Create a c++ project with custom source directory" line="60">
<kw name="Set Required" library="dtepTestLib">
<arg>new</arg>
<arg>test_project</arg>
<arg>c++</arg>
<status status="PASS" starttime="20231113 15:31:50.060" endtime="20231113 15:31:50.060"/>
</kw>
<kw name="Add Argument With Option" library="dtepTestLib">
<arg>-s</arg>
<arg>source</arg>
<status status="PASS" starttime="20231113 15:31:50.060" endtime="20231113 15:31:50.060"/>
</kw>
<kw name="Run Dtep" library="dtepTestLib">
<status status="PASS" starttime="20231113 15:31:50.060" endtime="20231113 15:31:50.075"/>
</kw>
<kw name="Check File Exists" library="dtepTestLib">
<arg>test_project/source/main.cc</arg>
<status status="PASS" starttime="20231113 15:31:50.075" endtime="20231113 15:31:50.075"/>
</kw>
<kw name="Check Variable From Makefile" library="dtepTestLib">
<arg>test_project/makefile</arg>
<arg>SRC_DIR</arg>
<arg>source</arg>
<status status="PASS" starttime="20231113 15:31:50.075" endtime="20231113 15:31:50.075"/>
</kw>
<kw name="Clean Directory" library="dtepTestLib" type="TEARDOWN">
<arg>test_project</arg>
<status status="PASS" starttime="20231113 15:31:50.075" endtime="20231113 15:31:50.075"/>
</kw>
<status status="PASS" starttime="20231113 15:31:50.060" endtime="20231113 15:31:50.075"/>
</test>
<test id="s1-t8" name="Use init to create a c project instead of new" line="68">
<kw name="Create And Change Directory" library="dtepTestLib">
<arg>test_project</arg>
<status status="PASS" starttime="20231113 15:31:50.076" endtime="20231113 15:31:50.076"/>
</kw>
<kw name="Set Python And Dtep" library="dtepTestLib">
<arg>../../dtep</arg>
<arg>../venv/bin/python</arg>
<status status="PASS" starttime="20231113 15:31:50.076" endtime="20231113 15:31:50.076"/>
</kw>
<kw name="Set Required" library="dtepTestLib">
<arg>init</arg>
<arg>test_project</arg>
<arg>c</arg>
<status status="PASS" starttime="20231113 15:31:50.076" endtime="20231113 15:31:50.076"/>
</kw>
<kw name="Run Dtep" library="dtepTestLib">
<status status="PASS" starttime="20231113 15:31:50.076" endtime="20231113 15:31:50.093"/>
</kw>
<kw name="Check File Exists" library="dtepTestLib">
<arg>src/main.c</arg>
<status status="PASS" starttime="20231113 15:31:50.093" endtime="20231113 15:31:50.093"/>
</kw>
<kw name="Go Back And Clean" library="dtepTestLib" type="TEARDOWN">
<arg>test_project</arg>
<status status="PASS" starttime="20231113 15:31:50.093" endtime="20231113 15:31:50.094"/>
</kw>
<status status="PASS" starttime="20231113 15:31:50.075" endtime="20231113 15:31:50.094"/>
</test>
<doc>dtep tests

This test suite tests all dtep options
(not including "-h"). Some possible
cases that might be missed are ones
where a option influences something
that is not being tested in the same
test case (that will hopefully not
happen). I still think these test
are valuable.</doc>
<status status="PASS" starttime="20231113 15:31:49.952" endtime="20231113 15:31:50.094"/>
</suite>
<statistics>
<total>
<stat pass="8" fail="0" skip="0">All Tests</stat>
</total>
<tag>
</tag>
<suite>
<stat pass="8" fail="0" skip="0" id="s1" name="TestSuite">TestSuite</stat>
</suite>
</statistics>
<errors>
</errors>
</robot>
